This is pdfTeX, Version 3.1415926-2.5-1.40.14 (TeX Live 2013) (format=pdflatex 2014.2.23)  18 JAN 2015 17:10
entering extended mode
 restricted \write18 enabled.
 %&-line parsing enabled.
**A0Master.tex
(./A0Master.tex
LaTeX2e <2011/06/27>
Babel <3.9f> and hyphenation patterns for 78 languages loaded.
(/usr/local/texlive/2013/texmf-dist/tex/latex/base/book.cls
Document Class: book 2007/10/19 v1.4h Standard LaTeX document class
(/usr/local/texlive/2013/texmf-dist/tex/latex/base/bk12.clo
File: bk12.clo 2007/10/19 v1.4h Standard LaTeX file (size option)
)
\c@part=\count79
\c@chapter=\count80
\c@section=\count81
\c@subsection=\count82
\c@subsubsection=\count83
\c@paragraph=\count84
\c@subparagraph=\count85
\c@figure=\count86
\c@table=\count87
\abovecaptionskip=\skip41
\belowcaptionskip=\skip42
\bibindent=\dimen102
)
(/usr/local/texlive/2013/texmf-dist/tex/latex/base/inputenc.sty
Package: inputenc 2008/03/30 v1.1d Input encoding file
\inpenc@prehook=\toks14
\inpenc@posthook=\toks15

(/usr/local/texlive/2013/texmf-dist/tex/latex/base/latin1.def
File: latin1.def 2008/03/30 v1.1d Input encoding file
))
(/usr/local/texlive/2013/texmf-dist/tex/generic/babel/babel.sty
Package: babel 2013/05/16 v3.9f The Babel package

(/usr/local/texlive/2013/texmf-dist/tex/generic/babel-portuges/portuges.ldf
Language: portuges 2008/03/18 v1.2q Portuguese support from the babel system

(/usr/local/texlive/2013/texmf-dist/tex/generic/babel/babel.def
File: babel.def 2013/05/16 v3.9f Babel common definitions
\babel@savecnt=\count88
\U@D=\dimen103
)
\l@brazil = a dialect from \language\l@portuges 
Package babel Info: Making " an active character on input line 145.
))
(/usr/local/texlive/2013/texmf-dist/tex/latex/hyperref/hyperref.sty
Package: hyperref 2012/11/06 v6.83m Hypertext links for LaTeX

(/usr/local/texlive/2013/texmf-dist/tex/generic/oberdiek/hobsub-hyperref.sty
Package: hobsub-hyperref 2012/05/28 v1.13 Bundle oberdiek, subset hyperref (HO)


(/usr/local/texlive/2013/texmf-dist/tex/generic/oberdiek/hobsub-generic.sty
Package: hobsub-generic 2012/05/28 v1.13 Bundle oberdiek, subset generic (HO)
Package: hobsub 2012/05/28 v1.13 Construct package bundles (HO)
Package: infwarerr 2010/04/08 v1.3 Providing info/warning/error messages (HO)
Package: ltxcmds 2011/11/09 v1.22 LaTeX kernel commands for general use (HO)
Package: ifluatex 2010/03/01 v1.3 Provides the ifluatex switch (HO)
Package ifluatex Info: LuaTeX not detected.
Package: ifvtex 2010/03/01 v1.5 Detect VTeX and its facilities (HO)
Package ifvtex Info: VTeX not detected.
Package: intcalc 2007/09/27 v1.1 Expandable calculations with integers (HO)
Package: ifpdf 2011/01/30 v2.3 Provides the ifpdf switch (HO)
Package ifpdf Info: pdfTeX in PDF mode is detected.
Package: etexcmds 2011/02/16 v1.5 Avoid name clashes with e-TeX commands (HO)
Package etexcmds Info: Could not find \expanded.
(etexcmds)             That can mean that you are not using pdfTeX 1.50 or
(etexcmds)             that some package has redefined \expanded.
(etexcmds)             In the latter case, load this package earlier.
Package: kvsetkeys 2012/04/25 v1.16 Key value parser (HO)
Package: kvdefinekeys 2011/04/07 v1.3 Define keys (HO)
Package: pdftexcmds 2011/11/29 v0.20 Utility functions of pdfTeX for LuaTeX (HO
)
Package pdftexcmds Info: LuaTeX not detected.
Package pdftexcmds Info: \pdf@primitive is available.
Package pdftexcmds Info: \pdf@ifprimitive is available.
Package pdftexcmds Info: \pdfdraftmode found.
Package: pdfescape 2011/11/25 v1.13 Implements pdfTeX's escape features (HO)
Package: bigintcalc 2012/04/08 v1.3 Expandable calculations on big integers (HO
)
Package: bitset 2011/01/30 v1.1 Handle bit-vector datatype (HO)
Package: uniquecounter 2011/01/30 v1.2 Provide unlimited unique counter (HO)
)
Package hobsub Info: Skipping package `hobsub' (already loaded).
Package: letltxmacro 2010/09/02 v1.4 Let assignment for LaTeX macros (HO)
Package: hopatch 2012/05/28 v1.2 Wrapper for package hooks (HO)
Package: xcolor-patch 2011/01/30 xcolor patch
Package: atveryend 2011/06/30 v1.8 Hooks at the very end of document (HO)
Package atveryend Info: \enddocument detected (standard20110627).
Package: atbegshi 2011/10/05 v1.16 At begin shipout hook (HO)
Package: refcount 2011/10/16 v3.4 Data extraction from label references (HO)
Package: hycolor 2011/01/30 v1.7 Color options for hyperref/bookmark (HO)
)
(/usr/local/texlive/2013/texmf-dist/tex/latex/graphics/keyval.sty
Package: keyval 1999/03/16 v1.13 key=value parser (DPC)
\KV@toks@=\toks16
)
(/usr/local/texlive/2013/texmf-dist/tex/generic/ifxetex/ifxetex.sty
Package: ifxetex 2010/09/12 v0.6 Provides ifxetex conditional
)
(/usr/local/texlive/2013/texmf-dist/tex/latex/oberdiek/auxhook.sty
Package: auxhook 2011/03/04 v1.3 Hooks for auxiliary files (HO)
)
(/usr/local/texlive/2013/texmf-dist/tex/latex/oberdiek/kvoptions.sty
Package: kvoptions 2011/06/30 v3.11 Key value format for package options (HO)
)
\@linkdim=\dimen104
\Hy@linkcounter=\count89
\Hy@pagecounter=\count90

(/usr/local/texlive/2013/texmf-dist/tex/latex/hyperref/pd1enc.def
File: pd1enc.def 2012/11/06 v6.83m Hyperref: PDFDocEncoding definition (HO)
)
\Hy@SavedSpaceFactor=\count91

(/usr/local/texlive/2013/texmf-dist/tex/latex/latexconfig/hyperref.cfg
File: hyperref.cfg 2002/06/06 v1.2 hyperref configuration of TeXLive
)
Package hyperref Info: Hyper figures OFF on input line 4443.
Package hyperref Info: Link nesting OFF on input line 4448.
Package hyperref Info: Hyper index ON on input line 4451.
Package hyperref Info: Plain pages OFF on input line 4458.
Package hyperref Info: Backreferencing OFF on input line 4463.
Package hyperref Info: Implicit mode ON; LaTeX internals redefined.
Package hyperref Info: Bookmarks ON on input line 4688.
\c@Hy@tempcnt=\count92

(/usr/local/texlive/2013/texmf-dist/tex/latex/url/url.sty
\Urlmuskip=\muskip10
Package: url 2006/04/12  ver 3.3  Verb mode for urls, etc.
)
LaTeX Info: Redefining \url on input line 5041.
\XeTeXLinkMargin=\dimen105
\Fld@menulength=\count93
\Field@Width=\dimen106
\Fld@charsize=\dimen107
Package hyperref Info: Hyper figures OFF on input line 6295.
Package hyperref Info: Link nesting OFF on input line 6300.
Package hyperref Info: Hyper index ON on input line 6303.
Package hyperref Info: backreferencing OFF on input line 6310.
Package hyperref Info: Link coloring OFF on input line 6315.
Package hyperref Info: Link coloring with OCG OFF on input line 6320.
Package hyperref Info: PDF/A mode OFF on input line 6325.
LaTeX Info: Redefining \ref on input line 6365.
LaTeX Info: Redefining \pageref on input line 6369.
\Hy@abspage=\count94
\c@Item=\count95
\c@Hfootnote=\count96
)

Package hyperref Message: Driver (autodetected): hpdftex.

(/usr/local/texlive/2013/texmf-dist/tex/latex/hyperref/hpdftex.def
File: hpdftex.def 2012/11/06 v6.83m Hyperref driver for pdfTeX
\Fld@listcount=\count97
\c@bookmark@seq@number=\count98

(/usr/local/texlive/2013/texmf-dist/tex/latex/oberdiek/rerunfilecheck.sty
Package: rerunfilecheck 2011/04/15 v1.7 Rerun checks for auxiliary files (HO)
Package uniquecounter Info: New unique counter `rerunfilecheck' on input line 2
82.
)
\Hy@SectionHShift=\skip43
)
(/usr/local/texlive/2013/texmf-dist/tex/latex/tools/indentfirst.sty
Package: indentfirst 1995/11/23 v1.03 Indent first paragraph (DPC)
)
(/usr/local/texlive/2013/texmf-dist/tex/latex/graphics/graphicx.sty
Package: graphicx 1999/02/16 v1.0f Enhanced LaTeX Graphics (DPC,SPQR)

(/usr/local/texlive/2013/texmf-dist/tex/latex/graphics/graphics.sty
Package: graphics 2009/02/05 v1.0o Standard LaTeX Graphics (DPC,SPQR)

(/usr/local/texlive/2013/texmf-dist/tex/latex/graphics/trig.sty
Package: trig 1999/03/16 v1.09 sin cos tan (DPC)
)
(/usr/local/texlive/2013/texmf-dist/tex/latex/latexconfig/graphics.cfg
File: graphics.cfg 2010/04/23 v1.9 graphics configuration of TeX Live
)
Package graphics Info: Driver file: pdftex.def on input line 91.

(/usr/local/texlive/2013/texmf-dist/tex/latex/pdftex-def/pdftex.def
File: pdftex.def 2011/05/27 v0.06d Graphics/color for pdfTeX
\Gread@gobject=\count99
))
\Gin@req@height=\dimen108
\Gin@req@width=\dimen109
)
(/usr/local/texlive/2013/texmf-dist/tex/generic/dvips/colordvi.sty)
(/usr/local/texlive/2013/texmf-dist/tex/latex/setspace/setspace.sty
Package: setspace 2011/12/19 v6.7a set line spacing
)
(/usr/local/texlive/2013/texmf-dist/tex/latex/amsmath/amsmath.sty
Package: amsmath 2013/01/14 v2.14 AMS math features
\@mathmargin=\skip44

For additional information on amsmath, use the `?' option.
(/usr/local/texlive/2013/texmf-dist/tex/latex/amsmath/amstext.sty
Package: amstext 2000/06/29 v2.01

(/usr/local/texlive/2013/texmf-dist/tex/latex/amsmath/amsgen.sty
File: amsgen.sty 1999/11/30 v2.0
\@emptytoks=\toks17
\ex@=\dimen110
))
(/usr/local/texlive/2013/texmf-dist/tex/latex/amsmath/amsbsy.sty
Package: amsbsy 1999/11/29 v1.2d
\pmbraise@=\dimen111
)
(/usr/local/texlive/2013/texmf-dist/tex/latex/amsmath/amsopn.sty
Package: amsopn 1999/12/14 v2.01 operator names
)
\inf@bad=\count100
LaTeX Info: Redefining \frac on input line 210.
\uproot@=\count101
\leftroot@=\count102
LaTeX Info: Redefining \overline on input line 306.
\classnum@=\count103
\DOTSCASE@=\count104
LaTeX Info: Redefining \ldots on input line 378.
LaTeX Info: Redefining \dots on input line 381.
LaTeX Info: Redefining \cdots on input line 466.
\Mathstrutbox@=\box26
\strutbox@=\box27
\big@size=\dimen112
LaTeX Font Info:    Redeclaring font encoding OML on input line 566.
LaTeX Font Info:    Redeclaring font encoding OMS on input line 567.
\macc@depth=\count105
\c@MaxMatrixCols=\count106
\dotsspace@=\muskip11
\c@parentequation=\count107
\dspbrk@lvl=\count108
\tag@help=\toks18
\row@=\count109
\column@=\count110
\maxfields@=\count111
\andhelp@=\toks19
\eqnshift@=\dimen113
\alignsep@=\dimen114
\tagshift@=\dimen115
\tagwidth@=\dimen116
\totwidth@=\dimen117
\lineht@=\dimen118
\@envbody=\toks20
\multlinegap=\skip45
\multlinetaggap=\skip46
\mathdisplay@stack=\toks21
LaTeX Info: Redefining \[ on input line 2665.
LaTeX Info: Redefining \] on input line 2666.
)
(/usr/local/texlive/2013/texmf-dist/tex/latex/amsfonts/amsfonts.sty
Package: amsfonts 2013/01/14 v3.01 Basic AMSFonts support
\symAMSa=\mathgroup4
\symAMSb=\mathgroup5
LaTeX Font Info:    Overwriting math alphabet `\mathfrak' in version `bold'
(Font)                  U/euf/m/n --> U/euf/b/n on input line 106.
)
(/usr/local/texlive/2013/texmf-dist/tex/latex/subfigure/subfigure.sty
Package: subfigure 2002/03/15 v2.1.5 subfigure package
\subfigtopskip=\skip47
\subfigcapskip=\skip48
\subfigcaptopadj=\dimen119
\subfigbottomskip=\skip49
\subfigcapmargin=\dimen120
\subfiglabelskip=\skip50
\c@subfigure=\count112
\c@lofdepth=\count113
\c@subtable=\count114
\c@lotdepth=\count115

****************************************
* Local config file subfigure.cfg used *
****************************************
(/usr/local/texlive/2013/texmf-dist/tex/latex/subfigure/subfigure.cfg)
\subfig@top=\skip51
\subfig@bottom=\skip52
)
(/usr/local/texlive/2013/texmf-dist/tex/latex/natbib/natbib.sty
Package: natbib 2010/09/13 8.31b (PWD, AO)
\bibhang=\skip53
\bibsep=\skip54
LaTeX Info: Redefining \cite on input line 694.
\c@NAT@ctr=\count116
)
(/usr/local/texlive/2013/texmf-dist/tex/latex/hypernat/hypernat.sty
Package: hypernat 2001/07/09 v1.0b hyperref and natbib compatibility (jb)
)
(/usr/local/texlive/2013/texmf-dist/tex/latex/fancyhdr/fancyhdr.sty
\fancy@headwidth=\skip55
\f@ncyO@elh=\skip56
\f@ncyO@erh=\skip57
\f@ncyO@olh=\skip58
\f@ncyO@orh=\skip59
\f@ncyO@elf=\skip60
\f@ncyO@erf=\skip61
\f@ncyO@olf=\skip62
\f@ncyO@orf=\skip63
)
(/usr/local/texlive/2013/texmf-dist/tex/latex/tools/bm.sty
Package: bm 2004/02/26 v1.1c Bold Symbol Support (DPC/FMi)
\symboldoperators=\mathgroup6
\symboldletters=\mathgroup7
\symboldsymbols=\mathgroup8
LaTeX Font Info:    Redeclaring math alphabet \mathbf on input line 138.
LaTeX Info: Redefining \bm on input line 204.
)
(/usr/local/texlive/2013/texmf-dist/tex/latex/geometry/geometry.sty
Package: geometry 2010/09/12 v5.6 Page Geometry
\Gm@cnth=\count117
\Gm@cntv=\count118
\c@Gm@tempcnt=\count119
\Gm@bindingoffset=\dimen121
\Gm@wd@mp=\dimen122
\Gm@odd@mp=\dimen123
\Gm@even@mp=\dimen124
\Gm@layoutwidth=\dimen125
\Gm@layoutheight=\dimen126
\Gm@layouthoffset=\dimen127
\Gm@layoutvoffset=\dimen128
\Gm@dimlist=\toks22
)
(/Library/Frameworks/R.framework/Resources/share/texmf/tex/latex/Sweave.sty
Package: Sweave 

(/usr/local/texlive/2013/texmf-dist/tex/latex/base/ifthen.sty
Package: ifthen 2001/05/26 v1.1c Standard LaTeX ifthen package (DPC)
)
(/usr/local/texlive/2013/texmf-dist/tex/latex/fancyvrb/fancyvrb.sty
Package: fancyvrb 2008/02/07

Style option: `fancyvrb' v2.7a, with DG/SPQR fixes, and firstline=lastline fix 
<2008/02/07> (tvz)
\FV@CodeLineNo=\count120
\FV@InFile=\read1
\FV@TabBox=\box28
\c@FancyVerbLine=\count121
\FV@StepNumber=\count122
\FV@OutFile=\write3
)
(/usr/local/texlive/2013/texmf-dist/tex/latex/base/textcomp.sty
Package: textcomp 2005/09/27 v1.99g Standard LaTeX package
Package textcomp Info: Sub-encoding information:
(textcomp)               5 = only ISO-Adobe without \textcurrency
(textcomp)               4 = 5 + \texteuro
(textcomp)               3 = 4 + \textohm
(textcomp)               2 = 3 + \textestimated + \textcurrency
(textcomp)               1 = TS1 - \textcircled - \t
(textcomp)               0 = TS1 (full)
(textcomp)             Font families with sub-encoding setting implement
(textcomp)             only a restricted character set as indicated.
(textcomp)             Family '?' is the default used for unknown fonts.
(textcomp)             See the documentation for details.
Package textcomp Info: Setting ? sub-encoding to TS1/1 on input line 71.

(/usr/local/texlive/2013/texmf-dist/tex/latex/base/ts1enc.def
File: ts1enc.def 2001/06/05 v3.0e (jk/car/fm) Standard LaTeX file
)
LaTeX Info: Redefining \oldstylenums on input line 266.
Package textcomp Info: Setting cmr sub-encoding to TS1/0 on input line 281.
Package textcomp Info: Setting cmss sub-encoding to TS1/0 on input line 282.
Package textcomp Info: Setting cmtt sub-encoding to TS1/0 on input line 283.
Package textcomp Info: Setting cmvtt sub-encoding to TS1/0 on input line 284.
Package textcomp Info: Setting cmbr sub-encoding to TS1/0 on input line 285.
Package textcomp Info: Setting cmtl sub-encoding to TS1/0 on input line 286.
Package textcomp Info: Setting ccr sub-encoding to TS1/0 on input line 287.
Package textcomp Info: Setting ptm sub-encoding to TS1/4 on input line 288.
Package textcomp Info: Setting pcr sub-encoding to TS1/4 on input line 289.
Package textcomp Info: Setting phv sub-encoding to TS1/4 on input line 290.
Package textcomp Info: Setting ppl sub-encoding to TS1/3 on input line 291.
Package textcomp Info: Setting pag sub-encoding to TS1/4 on input line 292.
Package textcomp Info: Setting pbk sub-encoding to TS1/4 on input line 293.
Package textcomp Info: Setting pnc sub-encoding to TS1/4 on input line 294.
Package textcomp Info: Setting pzc sub-encoding to TS1/4 on input line 295.
Package textcomp Info: Setting bch sub-encoding to TS1/4 on input line 296.
Package textcomp Info: Setting put sub-encoding to TS1/5 on input line 297.
Package textcomp Info: Setting uag sub-encoding to TS1/5 on input line 298.
Package textcomp Info: Setting ugq sub-encoding to TS1/5 on input line 299.
Package textcomp Info: Setting ul8 sub-encoding to TS1/4 on input line 300.
Package textcomp Info: Setting ul9 sub-encoding to TS1/4 on input line 301.
Package textcomp Info: Setting augie sub-encoding to TS1/5 on input line 302.
Package textcomp Info: Setting dayrom sub-encoding to TS1/3 on input line 303.
Package textcomp Info: Setting dayroms sub-encoding to TS1/3 on input line 304.

Package textcomp Info: Setting pxr sub-encoding to TS1/0 on input line 305.
Package textcomp Info: Setting pxss sub-encoding to TS1/0 on input line 306.
Package textcomp Info: Setting pxtt sub-encoding to TS1/0 on input line 307.
Package textcomp Info: Setting txr sub-encoding to TS1/0 on input line 308.
Package textcomp Info: Setting txss sub-encoding to TS1/0 on input line 309.
Package textcomp Info: Setting txtt sub-encoding to TS1/0 on input line 310.
Package textcomp Info: Setting lmr sub-encoding to TS1/0 on input line 311.
Package textcomp Info: Setting lmdh sub-encoding to TS1/0 on input line 312.
Package textcomp Info: Setting lmss sub-encoding to TS1/0 on input line 313.
Package textcomp Info: Setting lmssq sub-encoding to TS1/0 on input line 314.
Package textcomp Info: Setting lmvtt sub-encoding to TS1/0 on input line 315.
Package textcomp Info: Setting qhv sub-encoding to TS1/0 on input line 316.
Package textcomp Info: Setting qag sub-encoding to TS1/0 on input line 317.
Package textcomp Info: Setting qbk sub-encoding to TS1/0 on input line 318.
Package textcomp Info: Setting qcr sub-encoding to TS1/0 on input line 319.
Package textcomp Info: Setting qcs sub-encoding to TS1/0 on input line 320.
Package textcomp Info: Setting qpl sub-encoding to TS1/0 on input line 321.
Package textcomp Info: Setting qtm sub-encoding to TS1/0 on input line 322.
Package textcomp Info: Setting qzc sub-encoding to TS1/0 on input line 323.
Package textcomp Info: Setting qhvc sub-encoding to TS1/0 on input line 324.
Package textcomp Info: Setting futs sub-encoding to TS1/4 on input line 325.
Package textcomp Info: Setting futx sub-encoding to TS1/4 on input line 326.
Package textcomp Info: Setting futj sub-encoding to TS1/4 on input line 327.
Package textcomp Info: Setting hlh sub-encoding to TS1/3 on input line 328.
Package textcomp Info: Setting hls sub-encoding to TS1/3 on input line 329.
Package textcomp Info: Setting hlst sub-encoding to TS1/3 on input line 330.
Package textcomp Info: Setting hlct sub-encoding to TS1/5 on input line 331.
Package textcomp Info: Setting hlx sub-encoding to TS1/5 on input line 332.
Package textcomp Info: Setting hlce sub-encoding to TS1/5 on input line 333.
Package textcomp Info: Setting hlcn sub-encoding to TS1/5 on input line 334.
Package textcomp Info: Setting hlcw sub-encoding to TS1/5 on input line 335.
Package textcomp Info: Setting hlcf sub-encoding to TS1/5 on input line 336.
Package textcomp Info: Setting pplx sub-encoding to TS1/3 on input line 337.
Package textcomp Info: Setting pplj sub-encoding to TS1/3 on input line 338.
Package textcomp Info: Setting ptmx sub-encoding to TS1/4 on input line 339.
Package textcomp Info: Setting ptmj sub-encoding to TS1/4 on input line 340.
)
(/usr/local/texlive/2013/texmf-dist/tex/latex/base/fontenc.sty
Package: fontenc 2005/09/27 v1.99g Standard LaTeX package

(/usr/local/texlive/2013/texmf-dist/tex/latex/base/t1enc.def
File: t1enc.def 2005/09/27 v1.99g Standard LaTeX file
LaTeX Font Info:    Redeclaring font encoding T1 on input line 43.
))
(/usr/local/texlive/2013/texmf-dist/tex/latex/ae/ae.sty
Package: ae 2001/02/12 1.3 Almost European Computer Modern

(/usr/local/texlive/2013/texmf-dist/tex/latex/base/fontenc.sty
Package: fontenc 2005/09/27 v1.99g Standard LaTeX package

(/usr/local/texlive/2013/texmf-dist/tex/latex/base/t1enc.def
File: t1enc.def 2005/09/27 v1.99g Standard LaTeX file
LaTeX Font Info:    Redeclaring font encoding T1 on input line 43.
)
LaTeX Font Info:    Try loading font information for T1+aer on input line 100.

(/usr/local/texlive/2013/texmf-dist/tex/latex/ae/t1aer.fd
File: t1aer.fd 1997/11/16 Font definitions for T1/aer.
)))) (./A0Master.aux

LaTeX Warning: Label `eq:miete' multiply defined.


LaTeX Warning: Label `eq:mietm' multiply defined.

)
\openout1 = `A0Master.aux'.

LaTeX Font Info:    Checking defaults for OML/cmm/m/it on input line 35.
LaTeX Font Info:    ... okay on input line 35.
LaTeX Font Info:    Checking defaults for T1/cmr/m/n on input line 35.
LaTeX Font Info:    ... okay on input line 35.
LaTeX Font Info:    Checking defaults for OT1/cmr/m/n on input line 35.
LaTeX Font Info:    ... okay on input line 35.
LaTeX Font Info:    Checking defaults for OMS/cmsy/m/n on input line 35.
LaTeX Font Info:    ... okay on input line 35.
LaTeX Font Info:    Checking defaults for OMX/cmex/m/n on input line 35.
LaTeX Font Info:    ... okay on input line 35.
LaTeX Font Info:    Checking defaults for U/cmr/m/n on input line 35.
LaTeX Font Info:    ... okay on input line 35.
LaTeX Font Info:    Checking defaults for PD1/pdf/m/n on input line 35.
LaTeX Font Info:    ... okay on input line 35.
LaTeX Font Info:    Checking defaults for TS1/cmr/m/n on input line 35.
LaTeX Font Info:    Try loading font information for TS1+cmr on input line 35.
 (/usr/local/texlive/2013/texmf-dist/tex/latex/base/ts1cmr.fd
File: ts1cmr.fd 1999/05/25 v2.5h Standard LaTeX font definitions
)
LaTeX Font Info:    ... okay on input line 35.
LaTeX Font Info:    Try loading font information for T1+aess on input line 35.

(/usr/local/texlive/2013/texmf-dist/tex/latex/ae/t1aess.fd
File: t1aess.fd 1997/11/16 Font definitions for T1/aess.
)
\AtBeginShipoutBox=\box29
Package hyperref Info: Link coloring OFF on input line 35.

(/usr/local/texlive/2013/texmf-dist/tex/latex/hyperref/nameref.sty
Package: nameref 2012/10/27 v2.43 Cross-referencing by name of section

(/usr/local/texlive/2013/texmf-dist/tex/generic/oberdiek/gettitlestring.sty
Package: gettitlestring 2010/12/03 v1.4 Cleanup title references (HO)
)
\c@section@level=\count123
)
LaTeX Info: Redefining \ref on input line 35.
LaTeX Info: Redefining \pageref on input line 35.
LaTeX Info: Redefining \nameref on input line 35.

(./A0Master.out) (./A0Master.out)
\@outlinefile=\write4
\openout4 = `A0Master.out'.


(/usr/local/texlive/2013/texmf-dist/tex/context/base/supp-pdf.mkii
[Loading MPS to PDF converter (version 2006.09.02).]
\scratchcounter=\count124
\scratchdimen=\dimen129
\scratchbox=\box30
\nofMPsegments=\count125
\nofMParguments=\count126
\everyMPshowfont=\toks23
\MPscratchCnt=\count127
\MPscratchDim=\dimen130
\MPnumerator=\count128
\makeMPintoPDFobject=\count129
\everyMPtoPDFconversion=\toks24
) (/usr/local/texlive/2013/texmf-dist/tex/latex/oberdiek/epstopdf-base.sty
Package: epstopdf-base 2010/02/09 v2.5 Base part for package epstopdf

(/usr/local/texlive/2013/texmf-dist/tex/latex/oberdiek/grfext.sty
Package: grfext 2010/08/19 v1.1 Manage graphics extensions (HO)
)
Package grfext Info: Graphics extension search list:
(grfext)             [.png,.pdf,.jpg,.mps,.jpeg,.jbig2,.jb2,.PNG,.PDF,.JPG,.JPE
G,.JBIG2,.JB2,.eps]
(grfext)             \AppendGraphicsExtensions on input line 452.

(/usr/local/texlive/2013/texmf-dist/tex/latex/latexconfig/epstopdf-sys.cfg
File: epstopdf-sys.cfg 2010/07/13 v1.3 Configuration of (r)epstopdf for TeX Liv
e
))
*geometry* driver: auto-detecting
*geometry* detected driver: pdftex
*geometry* verbose mode - [ preamble ] result:
* driver: pdftex
* paper: letterpaper
* layout: <same size as paper>
* layoutoffset:(h,v)=(0.0pt,0.0pt)
* modes: twoside 
* h-part:(L,W,R)=(85.35826pt, 472.03123pt, 56.9055pt)
* v-part:(T,H,B)=(85.35826pt, 652.70622pt, 56.9055pt)
* \paperwidth=614.295pt
* \paperheight=794.96999pt
* \textwidth=472.03123pt
* \textheight=652.70622pt
* \oddsidemargin=13.08827pt
* \evensidemargin=-15.36449pt
* \topmargin=-18.78552pt
* \headheight=12.0pt
* \headsep=19.8738pt
* \topskip=12.0pt
* \footskip=30.0pt
* \marginparwidth=98.0pt
* \marginparsep=7.0pt
* \columnsep=10.0pt
* \skip\footins=10.8pt plus 4.0pt minus 2.0pt
* \hoffset=0.0pt
* \voffset=0.0pt
* \mag=1000
* \@twocolumnfalse
* \@twosidetrue
* \@mparswitchtrue
* \@reversemarginfalse
* (1in=72.27pt=25.4mm, 1cm=28.453pt)

(./A0Master-concordance.tex)
LaTeX Font Info:    Try loading font information for U+msa on input line 41.

(/usr/local/texlive/2013/texmf-dist/tex/latex/amsfonts/umsa.fd
File: umsa.fd 2013/01/14 v3.01 AMS symbols A
)
LaTeX Font Info:    Try loading font information for U+msb on input line 41.

(/usr/local/texlive/2013/texmf-dist/tex/latex/amsfonts/umsb.fd
File: umsb.fd 2013/01/14 v3.01 AMS symbols B
)
Package babel Info: Redefining portuges shorthand "|
(babel)             in language append on input line 41.
Package babel Info: Redefining portuges shorthand "|
(babel)             in language append on input line 41.
 [1


{/usr/local/texlive/2013/texmf-var/fonts/map/pdftex/updmap/pdftex.map}]
Package babel Info: Redefining portuges shorthand "|
(babel)             in language append on input line 41.
Package babel Info: Redefining portuges shorthand "|
(babel)             in language append on input line 41.
 [2

] (./A0Master.toc
Package babel Info: Redefining portuges shorthand "|
(babel)             in language append on input line 26.
Package babel Info: Redefining portuges shorthand "|
(babel)             in language append on input line 26.

[3])
\tf@toc=\write5
\openout5 = `A0Master.toc'.

Package babel Info: Redefining portuges shorthand "|
(babel)             in language append on input line 43.
Package babel Info: Redefining portuges shorthand "|
(babel)             in language append on input line 43.
 [4]
Package babel Info: Redefining portuges shorthand "|
(babel)             in language append on input line 43.
Package babel Info: Redefining portuges shorthand "|
(babel)             in language append on input line 43.
Package babel Info: Redefining portuges shorthand "|
(babel)             in language append on input line 43.
 [5

]
Package babel Info: Redefining portuges shorthand "|
(babel)             in language append on input line 43.
Package babel Info: Redefining portuges shorthand "|
(babel)             in language append on input line 43.
 [6]
Cap\'{\i }tulo 1.
Package babel Info: Redefining portuges shorthand "|
(babel)             in language append on input line 47.

Underfull \vbox (badness 10000) has occurred while \output is active []

Package babel Info: Redefining portuges shorthand "|
(babel)             in language append on input line 134.
Package babel Info: Redefining portuges shorthand "|
(babel)             in language append on input line 134.
 [7

]
Underfull \vbox (badness 10000) has occurred while \output is active []

Package babel Info: Redefining portuges shorthand "|
(babel)             in language append on input line 178.
Package babel Info: Redefining portuges shorthand "|
(babel)             in language append on input line 178.
 [8]
LaTeX Font Info:    Font shape `T1/aess/m/it' in size <12> not available
(Font)              Font shape `T1/aess/m/sl' tried instead on input line 288.

Underfull \vbox (badness 5175) has occurred while \output is active []

Package babel Info: Redefining portuges shorthand "|
(babel)             in language append on input line 294.
Package babel Info: Redefining portuges shorthand "|
(babel)             in language append on input line 294.
 [9]

Package natbib Warning: Citation `BohrenHuffman1983' on page 10 undefined on in
put line 295.

Package babel Info: Redefining portuges shorthand "|
(babel)             in language append on input line 351.
Package babel Info: Redefining portuges shorthand "|
(babel)             in language append on input line 351.
[10]
Cap\'{\i }tulo 2.
Package babel Info: Redefining portuges shorthand "|
(babel)             in language append on input line 351.
Package babel Info: Redefining portuges shorthand "|
(babel)             in language append on input line 353.

Underfull \vbox (badness 10000) has occurred while \output is active []

Package babel Info: Redefining portuges shorthand "|
(babel)             in language append on input line 419.
Package babel Info: Redefining portuges shorthand "|
(babel)             in language append on input line 419.
 [11

]
Underfull \vbox (badness 10000) has occurred while \output is active []

Package babel Info: Redefining portuges shorthand "|
(babel)             in language append on input line 458.
Package babel Info: Redefining portuges shorthand "|
(babel)             in language append on input line 458.
 [12]
Package babel Info: Redefining portuges shorthand "|
(babel)             in language append on input line 468.

Underfull \vbox (badness 10000) has occurred while \output is active []

Package babel Info: Redefining portuges shorthand "|
(babel)             in language append on input line 501.
Package babel Info: Redefining portuges shorthand "|
(babel)             in language append on input line 501.
 [13]
Underfull \vbox (badness 10000) has occurred while \output is active []

Package babel Info: Redefining portuges shorthand "|
(babel)             in language append on input line 697.
Package babel Info: Redefining portuges shorthand "|
(babel)             in language append on input line 697.
 [14]
Package babel Info: Redefining portuges shorthand "|
(babel)             in language append on input line 733.
Package babel Info: Redefining portuges shorthand "|
(babel)             in language append on input line 733.

[15]
Package babel Info: Redefining portuges shorthand "|
(babel)             in language append on input line 733.
Package babel Info: Redefining portuges shorthand "|
(babel)             in language append on input line 733.
 [16

]
Cap\'{\i }tulo 3.
Package babel Info: Redefining portuges shorthand "|
(babel)             in language append on input line 733.

Package hyperref Warning: Difference (2) between bookmark levels is greater 
(hyperref)                than one, level fixed on input line 748.

Package babel Info: Redefining portuges shorthand "|
(babel)             in language append on input line 748.

Underfull \vbox (badness 10000) has occurred while \output is active []

Package babel Info: Redefining portuges shorthand "|
(babel)             in language append on input line 765.
Package babel Info: Redefining portuges shorthand "|
(babel)             in language append on input line 765.
 [17]
Package babel Info: Redefining portuges shorthand "|
(babel)             in language append on input line 808.

Underfull \vbox (badness 10000) has occurred while \output is active []

Package babel Info: Redefining portuges shorthand "|
(babel)             in language append on input line 814.
Package babel Info: Redefining portuges shorthand "|
(babel)             in language append on input line 814.
 [18]
Package babel Info: Redefining portuges shorthand "|
(babel)             in language append on input line 852.

Underfull \vbox (badness 10000) has occurred while \output is active []

Package babel Info: Redefining portuges shorthand "|
(babel)             in language append on input line 860.
Package babel Info: Redefining portuges shorthand "|
(babel)             in language append on input line 860.
 [19]
Package babel Info: Redefining portuges shorthand "|
(babel)             in language append on input line 895.

Underfull \vbox (badness 10000) has occurred while \output is active []

Package babel Info: Redefining portuges shorthand "|
(babel)             in language append on input line 902.
Package babel Info: Redefining portuges shorthand "|
(babel)             in language append on input line 902.
 [20]
Package babel Info: Redefining portuges shorthand "|
(babel)             in language append on input line 919.
Package babel Info: Redefining portuges shorthand "|
(babel)             in language append on input line 919.

[21]
Package babel Info: Redefining portuges shorthand "|
(babel)             in language append on input line 919.
Package babel Info: Redefining portuges shorthand "|
(babel)             in language append on input line 919.
 [22

]
Cap\'{\i }tulo 4.
Package babel Info: Redefining portuges shorthand "|
(babel)             in language append on input line 919.

Underfull \vbox (badness 2894) has occurred while \output is active []

Package babel Info: Redefining portuges shorthand "|
(babel)             in language append on input line 968.
Package babel Info: Redefining portuges shorthand "|
(babel)             in language append on input line 968.
 [23]
Underfull \vbox (badness 10000) has occurred while \output is active []

Package babel Info: Redefining portuges shorthand "|
(babel)             in language append on input line 1010.
Package babel Info: Redefining portuges shorthand "|
(babel)             in language append on input line 1010.
 [24]
Package babel Info: Redefining portuges shorthand "|
(babel)             in language append on input line 1045.
Package babel Info: Redefining portuges shorthand "|
(babel)             in language append on input line 1055.
Package babel Info: Redefining portuges shorthand "|
(babel)             in language append on input line 1055.

[25]
Package babel Info: Redefining portuges shorthand "|
(babel)             in language append on input line 1062.


Package hyperref Warning: Token not allowed in a PDF string (PDFDocEncoding):
(hyperref)                removing `math shift' on input line 1062.


Package hyperref Warning: Token not allowed in a PDF string (PDFDocEncoding):
(hyperref)                removing `\@ifnextchar' on input line 1062.


Package hyperref Warning: Token not allowed in a PDF string (PDFDocEncoding):
(hyperref)                removing `\alpha' on input line 1062.


Package hyperref Warning: Token not allowed in a PDF string (PDFDocEncoding):
(hyperref)                removing `math shift' on input line 1062.

Package babel Info: Redefining portuges shorthand "|
(babel)             in language append on input line 1078.

Underfull \vbox (badness 10000) has occurred while \output is active []

Package babel Info: Redefining portuges shorthand "|
(babel)             in language append on input line 1094.
Package babel Info: Redefining portuges shorthand "|
(babel)             in language append on input line 1094.
 [26]
Package babel Info: Redefining portuges shorthand "|
(babel)             in language append on input line 1130.

Underfull \vbox (badness 10000) has occurred while \output is active []

Package babel Info: Redefining portuges shorthand "|
(babel)             in language append on input line 1137.
Package babel Info: Redefining portuges shorthand "|
(babel)             in language append on input line 1137.
 [27]
Underfull \vbox (badness 8132) has occurred while \output is active []

Package babel Info: Redefining portuges shorthand "|
(babel)             in language append on input line 1172.
Package babel Info: Redefining portuges shorthand "|
(babel)             in language append on input line 1172.
 [28]
Package babel Info: Redefining portuges shorthand "|
(babel)             in language append on input line 1172.
LaTeX Font Info:    Try loading font information for T1+aett on input line 1182
.

(/usr/local/texlive/2013/texmf-dist/tex/latex/ae/t1aett.fd
File: t1aett.fd 1997/11/16 Font definitions for T1/aett.
)
Underfull \hbox (badness 10000) in paragraph at lines 1177--1197

 []

Package babel Info: Redefining portuges shorthand "|
(babel)             in language append on input line 1197.

LaTeX Warning: `!h' float specifier changed to `!ht'.


LaTeX Warning: `!h' float specifier changed to `!ht'.


LaTeX Warning: `!h' float specifier changed to `!ht'.

Package babel Info: Redefining portuges shorthand "|
(babel)             in language append on input line 1260.
Package babel Info: Redefining portuges shorthand "|
(babel)             in language append on input line 1260.
[29]
Underfull \vbox (badness 10000) has occurred while \output is active []

Package babel Info: Redefining portuges shorthand "|
(babel)             in language append on input line 1283.
Package babel Info: Redefining portuges shorthand "|
(babel)             in language append on input line 1283.
 [30]
Package babel Info: Redefining portuges shorthand "|
(babel)             in language append on input line 1296.
Package babel Info: Redefining portuges shorthand "|
(babel)             in language append on input line 1296.

[31]
Package babel Info: Redefining portuges shorthand "|
(babel)             in language append on input line 1296.
Package babel Info: Redefining portuges shorthand "|
(babel)             in language append on input line 1296.
 [32

]
Package babel Info: Redefining portuges shorthand "|
(babel)             in language append on input line 1296.
Package babel Info: Redefining portuges shorthand "|
(babel)             in language append on input line 1296.
Package babel Info: Redefining portuges shorthand "|
(babel)             in language append on input line 1296.
 [33]
Package babel Info: Redefining portuges shorthand "|
(babel)             in language append on input line 1296.
Package babel Info: Redefining portuges shorthand "|
(babel)             in language append on input line 1296.
 [34]
Cap\'{\i }tulo 5.
Package babel Info: Redefining portuges shorthand "|
(babel)             in language append on input line 1300.
Package babel Info: Redefining portuges shorthand "|
(babel)             in language append on input line 1302.
Package babel Info: Redefining portuges shorthand "|
(babel)             in language append on input line 1349.

Underfull \vbox (badness 10000) has occurred while \output is active []

Package babel Info: Redefining portuges shorthand "|
(babel)             in language append on input line 1355.
Package babel Info: Redefining portuges shorthand "|
(babel)             in language append on input line 1355.
 [35

]
Underfull \vbox (badness 10000) has occurred while \output is active []

Package babel Info: Redefining portuges shorthand "|
(babel)             in language append on input line 1393.
Package babel Info: Redefining portuges shorthand "|
(babel)             in language append on input line 1393.
 [36]
Package babel Info: Redefining portuges shorthand "|
(babel)             in language append on input line 1412.


Package hyperref Warning: Token not allowed in a PDF string (PDFDocEncoding):
(hyperref)                removing `math shift' on input line 1412.


Package hyperref Warning: Token not allowed in a PDF string (PDFDocEncoding):
(hyperref)                removing `\theta' on input line 1412.


Package hyperref Warning: Token not allowed in a PDF string (PDFDocEncoding):
(hyperref)                removing `math shift' on input line 1412.


Underfull \vbox (badness 10000) has occurred while \output is active []

Package babel Info: Redefining portuges shorthand "|
(babel)             in language append on input line 1431.
Package babel Info: Redefining portuges shorthand "|
(babel)             in language append on input line 1431.
 [37]
Package babel Info: Redefining portuges shorthand "|
(babel)             in language append on input line 1450.
Package babel Info: Redefining portuges shorthand "|
(babel)             in language append on input line 1461.
Package babel Info: Redefining portuges shorthand "|
(babel)             in language append on input line 1464.

Underfull \vbox (badness 10000) has occurred while \output is active []

Package babel Info: Redefining portuges shorthand "|
(babel)             in language append on input line 1470.
Package babel Info: Redefining portuges shorthand "|
(babel)             in language append on input line 1470.
 [38]
Package babel Info: Redefining portuges shorthand "|
(babel)             in language append on input line 1521.

Underfull \vbox (badness 10000) has occurred while \output is active []

Package babel Info: Redefining portuges shorthand "|
(babel)             in language append on input line 1543.
Package babel Info: Redefining portuges shorthand "|
(babel)             in language append on input line 1543.
 [39]
Package babel Info: Redefining portuges shorthand "|
(babel)             in language append on input line 1577.

Underfull \vbox (badness 10000) has occurred while \output is active []

Package babel Info: Redefining portuges shorthand "|
(babel)             in language append on input line 1601.
Package babel Info: Redefining portuges shorthand "|
(babel)             in language append on input line 1601.
 [40]

Package natbib Warning: Citation `Arfken2005' on page 41 undefined on input lin
e 1602.


Package natbib Warning: Citation `Newton2002' on page 41 undefined on input lin
e 1648.


Underfull \vbox (badness 10000) has occurred while \output is active []

Package babel Info: Redefining portuges shorthand "|
(babel)             in language append on input line 1674.
Package babel Info: Redefining portuges shorthand "|
(babel)             in language append on input line 1674.
 [41]
Package babel Info: Redefining portuges shorthand "|
(babel)             in language append on input line 1676.
Package babel Info: Redefining portuges shorthand "|
(babel)             in language append on input line 1831.

Underfull \vbox (badness 10000) has occurred while \output is active []

Package babel Info: Redefining portuges shorthand "|
(babel)             in language append on input line 1838.
Package babel Info: Redefining portuges shorthand "|
(babel)             in language append on input line 1838.
 [42]
Package babel Info: Redefining portuges shorthand "|
(babel)             in language append on input line 1883.

Underfull \vbox (badness 10000) has occurred while \output is active []

Package babel Info: Redefining portuges shorthand "|
(babel)             in language append on input line 1892.
Package babel Info: Redefining portuges shorthand "|
(babel)             in language append on input line 1892.
 [43]
Package babel Info: Redefining portuges shorthand "|
(babel)             in language append on input line 1907.


Package hyperref Warning: Token not allowed in a PDF string (PDFDocEncoding):
(hyperref)                removing `math shift' on input line 1907.


Package hyperref Warning: Token not allowed in a PDF string (PDFDocEncoding):
(hyperref)                removing `math shift' on input line 1907.

Package babel Info: Redefining portuges shorthand "|
(babel)             in language append on input line 1947.
Package babel Info: Redefining portuges shorthand "|
(babel)             in language append on input line 1947.
[44]
Cap\'{\i }tulo 6.
Package babel Info: Redefining portuges shorthand "|
(babel)             in language append on input line 1947.
Package babel Info: Redefining portuges shorthand "|
(babel)             in language append on input line 1950.

Underfull \vbox (badness 10000) has occurred while \output is active []

Package babel Info: Redefining portuges shorthand "|
(babel)             in language append on input line 2066.
Package babel Info: Redefining portuges shorthand "|
(babel)             in language append on input line 2066.
 [45

]
Package babel Info: Redefining portuges shorthand "|
(babel)             in language append on input line 2146.

Underfull \vbox (badness 10000) has occurred while \output is active []

Package babel Info: Redefining portuges shorthand "|
(babel)             in language append on input line 2160.
Package babel Info: Redefining portuges shorthand "|
(babel)             in language append on input line 2160.
 [46]
Underfull \vbox (badness 10000) has occurred while \output is active []

Package babel Info: Redefining portuges shorthand "|
(babel)             in language append on input line 2196.
Package babel Info: Redefining portuges shorthand "|
(babel)             in language append on input line 2196.
 [47]
Package babel Info: Redefining portuges shorthand "|
(babel)             in language append on input line 2222.
Package babel Info: Redefining portuges shorthand "|
(babel)             in language append on input line 2244.

Underfull \vbox (badness 1735) has occurred while \output is active []

Package babel Info: Redefining portuges shorthand "|
(babel)             in language append on input line 2266.
Package babel Info: Redefining portuges shorthand "|
(babel)             in language append on input line 2266.
 [48]
Underfull \vbox (badness 10000) has occurred while \output is active []

Package babel Info: Redefining portuges shorthand "|
(babel)             in language append on input line 2319.
Package babel Info: Redefining portuges shorthand "|
(babel)             in language append on input line 2319.
 [49]
Overfull \hbox (0.77524pt too wide) in paragraph at lines 2360--2366
\T1/aess/m/n/12 A in-te-gral em $\OML/cmm/m/it/12 d\OT1/cmr/m/n/12 
([][])$ \T1/aess/m/n/12 pode ser es-crita como uma in-te-gral em $\OML/cmm/m/it
/12 d^^Pd^^X [] ^^X \OT1/cmr/m/n/12 = \OML/cmm/m/it/12 d^^Pd\OT1/cmr/m/n/12 ([]
 \OML/cmm/m/it/12 ^^X\OT1/cmr/m/n/12 ) = \OML/cmm/m/it/12 d^^Pd\OT1/cmr/m/n/12 
(\OML/cmm/m/it/12 k[]=k\OT1/cmr/m/n/12 )$\T1/aess/m/n/12 .
 []


Underfull \vbox (badness 10000) has occurred while \output is active []

Package babel Info: Redefining portuges shorthand "|
(babel)             in language append on input line 2383.
Package babel Info: Redefining portuges shorthand "|
(babel)             in language append on input line 2383.
 [50]
Underfull \vbox (badness 10000) has occurred while \output is active []

Package babel Info: Redefining portuges shorthand "|
(babel)             in language append on input line 2433.
Package babel Info: Redefining portuges shorthand "|
(babel)             in language append on input line 2433.
 [51]
Package babel Info: Redefining portuges shorthand "|
(babel)             in language append on input line 2436.

Underfull \vbox (badness 10000) has occurred while \output is active []

Package babel Info: Redefining portuges shorthand "|
(babel)             in language append on input line 2502.
Package babel Info: Redefining portuges shorthand "|
(babel)             in language append on input line 2502.
 [52]
Package babel Info: Redefining portuges shorthand "|
(babel)             in language append on input line 2533.

Underfull \vbox (badness 10000) has occurred while \output is active []

Package babel Info: Redefining portuges shorthand "|
(babel)             in language append on input line 2539.
Package babel Info: Redefining portuges shorthand "|
(babel)             in language append on input line 2539.
 [53]
Package babel Info: Redefining portuges shorthand "|
(babel)             in language append on input line 2557.
Package babel Info: Redefining portuges shorthand "|
(babel)             in language append on input line 2586.


Package hyperref Warning: Token not allowed in a PDF string (PDFDocEncoding):
(hyperref)                removing `math shift' on input line 2586.


Package hyperref Warning: Token not allowed in a PDF string (PDFDocEncoding):
(hyperref)                removing `subscript' on input line 2586.


Package hyperref Warning: Token not allowed in a PDF string (PDFDocEncoding):
(hyperref)                removing `math shift' on input line 2586.

Package babel Info: Redefining portuges shorthand "|
(babel)             in language append on input line 2597.
Package babel Info: Redefining portuges shorthand "|
(babel)             in language append on input line 2597.
[54]
Package babel Info: Redefining portuges shorthand "|
(babel)             in language append on input line 2613.

Underfull \vbox (badness 10000) has occurred while \output is active []

Package babel Info: Redefining portuges shorthand "|
(babel)             in language append on input line 2659.
Package babel Info: Redefining portuges shorthand "|
(babel)             in language append on input line 2659.
 [55]
Underfull \vbox (badness 10000) has occurred while \output is active []

Package babel Info: Redefining portuges shorthand "|
(babel)             in language append on input line 2758.
Package babel Info: Redefining portuges shorthand "|
(babel)             in language append on input line 2758.
 [56]
Package babel Info: Redefining portuges shorthand "|
(babel)             in language append on input line 2769.

Underfull \vbox (badness 10000) has occurred while \output is active []

Package babel Info: Redefining portuges shorthand "|
(babel)             in language append on input line 2804.
Package babel Info: Redefining portuges shorthand "|
(babel)             in language append on input line 2804.
 [57]
Overfull \hbox (44.30507pt too wide) in alignment at lines 2813--2825
 [][][] []
 []


Overfull \hbox (55.1313pt too wide) in alignment at lines 2827--2839
 [][][] []
 []


Underfull \vbox (badness 10000) has occurred while \output is active []

Package babel Info: Redefining portuges shorthand "|
(babel)             in language append on input line 2853.
Package babel Info: Redefining portuges shorthand "|
(babel)             in language append on input line 2853.
 [58pdfTeX warning (ext4): destination with the same identifier (name{equation.
6.3.112}) has been already used, duplicate ignored

\AtBegShi@Output ...ipout \box \AtBeginShipoutBox 
                                                  \fi \fi 
l.2853 \end{eqnarray}
                     ]pdfTeX warning (ext4): destination with the same identifi
er (name{equation.6.3.112}) has been already used, duplicate ignored
<to be read again> 
                   \relax 
l.2855 \begin{eqnarray}
                       pdfTeX warning (ext4): destination with the same identif
ier (name{equation.6.3.112}) has been already used, duplicate ignored
<to be read again> 
                   \relax 
l.2855 \begin{eqnarray}
                       pdfTeX warning (ext4): destination with the same identif
ier (name{equation.6.3.112}) has been already used, duplicate ignored
<to be read again> 
                   \relax 
l.2855 \begin{eqnarray}
                       pdfTeX warning (ext4): destination with the same identif
ier (name{equation.6.3.112}) has been already used, duplicate ignored
<to be read again> 
                   \relax 
l.2855 \begin{eqnarray}
                       pdfTeX warning (ext4): destination with the same identif
ier (name{equation.6.3.112}) has been already used, duplicate ignored
<to be read again> 
                   \relax 
l.2870 \begin{eqnarray}
                       pdfTeX warning (ext4): destination with the same identif
ier (name{equation.6.3.112}) has been already used, duplicate ignored
<to be read again> 
                   \relax 
l.2870 \begin{eqnarray}
                       pdfTeX warning (ext4): destination with the same identif
ier (name{equation.6.3.112}) has been already used, duplicate ignored
<to be read again> 
                   \relax 
l.2870 \begin{eqnarray}
                       pdfTeX warning (ext4): destination with the same identif
ier (name{equation.6.3.112}) has been already used, duplicate ignored
<to be read again> 
                   \relax 
l.2870 \begin{eqnarray}
                       pdfTeX warning (ext4): destination with the same identif
ier (name{equation.6.3.112}) has been already used, duplicate ignored
<to be read again> 
                   \relax 
l.2887 \begin{eqnarray}
                       pdfTeX warning (ext4): destination with the same identif
ier (name{equation.6.3.112}) has been already used, duplicate ignored
<to be read again> 
                   \relax 
l.2887 \begin{eqnarray}
                       pdfTeX warning (ext4): destination with the same identif
ier (name{equation.6.3.112}) has been already used, duplicate ignored
<to be read again> 
                   \relax 
l.2887 \begin{eqnarray}
                       pdfTeX warning (ext4): destination with the same identif
ier (name{equation.6.3.112}) has been already used, duplicate ignored
<to be read again> 
                   \relax 
l.2887 \begin{eqnarray}
                       pdfTeX warning (ext4): destination with the same identif
ier (name{equation.6.3.112}) has been already used, duplicate ignored
<to be read again> 
                   \relax 
l.2902 \begin{eqnarray}
                       pdfTeX warning (ext4): destination with the same identif
ier (name{equation.6.3.112}) has been already used, duplicate ignored
<to be read again> 
                   \relax 
l.2902 \begin{eqnarray}
                       pdfTeX warning (ext4): destination with the same identif
ier (name{equation.6.3.112}) has been already used, duplicate ignored
<to be read again> 
                   \relax 
l.2902 \begin{eqnarray}
                       pdfTeX warning (ext4): destination with the same identif
ier (name{equation.6.3.112}) has been already used, duplicate ignored
<to be read again> 
                   \relax 
l.2902 \begin{eqnarray}
                       
Underfull \vbox (badness 10000) has occurred while \output is active []

Package babel Info: Redefining portuges shorthand "|
(babel)             in language append on input line 2904.
Package babel Info: Redefining portuges shorthand "|
(babel)             in language append on input line 2904.
 [59pdfTeX warning (ext4): destination with the same identifier (name{equation.
6.3.112}) has been already used, duplicate ignored

\AtBegShi@Output ...ipout \box \AtBeginShipoutBox 
                                                  \fi \fi 
l.2904 \end{eqnarray}
                     ]
LaTeX Font Info:    Try loading font information for U+euf on input line 2973.

(/usr/local/texlive/2013/texmf-dist/tex/latex/amsfonts/ueuf.fd
File: ueuf.fd 2013/01/14 v3.01 Euler Fraktur
)
Underfull \vbox (badness 10000) has occurred while \output is active []

Package babel Info: Redefining portuges shorthand "|
(babel)             in language append on input line 2979.
Package babel Info: Redefining portuges shorthand "|
(babel)             in language append on input line 2979.
 [60pdfTeX warning (ext4): destination with the same identifier (name{equation.
6.3.113}) has been already used, duplicate ignored

\AtBegShi@Output ...ipout \box \AtBeginShipoutBox 
                                                  \fi \fi 
l.2979 \end{eqnarray}
                     pdfTeX warning (ext4): destination with the same identifie
r (name{equation.6.3.113}) has been already used, duplicate ignored

\AtBegShi@Output ...ipout \box \AtBeginShipoutBox 
                                                  \fi \fi 
l.2979 \end{eqnarray}
                     pdfTeX warning (ext4): destination with the same identifie
r (name{equation.6.3.113}) has been already used, duplicate ignored

\AtBegShi@Output ...ipout \box \AtBeginShipoutBox 
                                                  \fi \fi 
l.2979 \end{eqnarray}
                     ]
Package babel Info: Redefining portuges shorthand "|
(babel)             in language append on input line 3002.
Package babel Info: Redefining portuges shorthand "|
(babel)             in language append on input line 3005.
Package babel Info: Redefining portuges shorthand "|
(babel)             in language append on input line 3229.
Package babel Info: Redefining portuges shorthand "|
(babel)             in language append on input line 3229.
 [61]
Package babel Info: Redefining portuges shorthand "|
(babel)             in language append on input line 3322.

Underfull \vbox (badness 10000) has occurred while \output is active []

Package babel Info: Redefining portuges shorthand "|
(babel)             in language append on input line 3342.
Package babel Info: Redefining portuges shorthand "|
(babel)             in language append on input line 3342.
 [62]
Package babel Info: Redefining portuges shorthand "|
(babel)             in language append on input line 3388.
Package babel Info: Redefining portuges shorthand "|
(babel)             in language append on input line 3388.

[63]
Package babel Info: Redefining portuges shorthand "|
(babel)             in language append on input line 3522.

Underfull \vbox (badness 10000) has occurred while \output is active []

Package babel Info: Redefining portuges shorthand "|
(babel)             in language append on input line 3586.
Package babel Info: Redefining portuges shorthand "|
(babel)             in language append on input line 3586.
 [64]
Underfull \vbox (badness 10000) has occurred while \output is active []

Package babel Info: Redefining portuges shorthand "|
(babel)             in language append on input line 3637.
Package babel Info: Redefining portuges shorthand "|
(babel)             in language append on input line 3637.
 [65]
Package babel Info: Redefining portuges shorthand "|
(babel)             in language append on input line 3706.
Package babel Info: Redefining portuges shorthand "|
(babel)             in language append on input line 3706.

[66]
Package babel Info: Redefining portuges shorthand "|
(babel)             in language append on input line 3734.
Package babel Info: Redefining portuges shorthand "|
(babel)             in language append on input line 3814.
Package babel Info: Redefining portuges shorthand "|
(babel)             in language append on input line 3814.
 [67]
Package babel Info: Redefining portuges shorthand "|
(babel)             in language append on input line 3881.


Package hyperref Warning: Token not allowed in a PDF string (PDFDocEncoding):
(hyperref)                removing `math shift' on input line 3881.


Package hyperref Warning: Token not allowed in a PDF string (PDFDocEncoding):
(hyperref)                removing `math shift' on input line 3881.


Underfull \vbox (badness 10000) has occurred while \output is active []

Package babel Info: Redefining portuges shorthand "|
(babel)             in language append on input line 3912.
Package babel Info: Redefining portuges shorthand "|
(babel)             in language append on input line 3912.
 [68]
Underfull \vbox (badness 10000) has occurred while \output is active []

Package babel Info: Redefining portuges shorthand "|
(babel)             in language append on input line 3977.
Package babel Info: Redefining portuges shorthand "|
(babel)             in language append on input line 3977.
 [69]
Package babel Info: Redefining portuges shorthand "|
(babel)             in language append on input line 4004.


Package hyperref Warning: Token not allowed in a PDF string (PDFDocEncoding):
(hyperref)                removing `math shift' on input line 4004.


Package hyperref Warning: Token not allowed in a PDF string (PDFDocEncoding):
(hyperref)                removing `math shift' on input line 4004.

Package babel Info: Redefining portuges shorthand "|
(babel)             in language append on input line 4051.
Package babel Info: Redefining portuges shorthand "|
(babel)             in language append on input line 4051.
[70]

LaTeX Warning: Reference `tab:deltaMSP' on page 71 undefined on input line 4095
.


Underfull \vbox (badness 2221) has occurred while \output is active []

Package babel Info: Redefining portuges shorthand "|
(babel)             in language append on input line 4135.
Package babel Info: Redefining portuges shorthand "|
(babel)             in language append on input line 4135.
 [71]
Underfull \vbox (badness 10000) has occurred while \output is active []

Package babel Info: Redefining portuges shorthand "|
(babel)             in language append on input line 4248.
Package babel Info: Redefining portuges shorthand "|
(babel)             in language append on input line 4248.
 [72]
Package babel Info: Redefining portuges shorthand "|
(babel)             in language append on input line 4260.
Package babel Info: Redefining portuges shorthand "|
(babel)             in language append on input line 4260.

[73]
Package babel Info: Redefining portuges shorthand "|
(babel)             in language append on input line 4260.
Package babel Info: Redefining portuges shorthand "|
(babel)             in language append on input line 4260.
 [74

]
Package babel Info: Redefining portuges shorthand "|
(babel)             in language append on input line 4260.
Package babel Info: Redefining portuges shorthand "|
(babel)             in language append on input line 4260.
Package babel Info: Redefining portuges shorthand "|
(babel)             in language append on input line 4260.
 [75]
Package babel Info: Redefining portuges shorthand "|
(babel)             in language append on input line 4260.
Package babel Info: Redefining portuges shorthand "|
(babel)             in language append on input line 4260.
 [76]
Cap\'{\i }tulo 7.
Package babel Info: Redefining portuges shorthand "|
(babel)             in language append on input line 4263.
Package babel Info: Redefining portuges shorthand "|
(babel)             in language append on input line 4292.
Package babel Info: Redefining portuges shorthand "|
(babel)             in language append on input line 4292.
[77

]
Package babel Info: Redefining portuges shorthand "|
(babel)             in language append on input line 4292.
Package babel Info: Redefining portuges shorthand "|
(babel)             in language append on input line 4292.
 [78

]
Ap\^endice A.
Package babel Info: Redefining portuges shorthand "|
(babel)             in language append on input line 4292.

Underfull \vbox (badness 10000) has occurred while \output is active []

Package babel Info: Redefining portuges shorthand "|
(babel)             in language append on input line 4422.
Package babel Info: Redefining portuges shorthand "|
(babel)             in language append on input line 4422.
 [79]
Underfull \vbox (badness 10000) has occurred while \output is active []

Package babel Info: Redefining portuges shorthand "|
(babel)             in language append on input line 4592.
Package babel Info: Redefining portuges shorthand "|
(babel)             in language append on input line 4592.
 [80]
Package babel Info: Redefining portuges shorthand "|
(babel)             in language append on input line 4697.


Package natbib Warning: There were undefined citations.

Package atveryend Info: Empty hook `BeforeClearDocument' on input line 4730.
Package babel Info: Redefining portuges shorthand "|
(babel)             in language append on input line 4730.
Package babel Info: Redefining portuges shorthand "|
(babel)             in language append on input line 4730.
[81]
Package atveryend Info: Empty hook `AfterLastShipout' on input line 4730.
 (./A0Master.aux)
Package atveryend Info: Executing hook `AtVeryEndDocument' on input line 4730.
Package atveryend Info: Executing hook `AtEndAfterFileList' on input line 4730.

Package rerunfilecheck Info: File `A0Master.out' has not changed.
(rerunfilecheck)             Checksum: 026CA8A226B76335FF0A9D6C48320F20;4130.


LaTeX Warning: There were undefined references.


LaTeX Warning: There were multiply-defined labels.

Package atveryend Info: Empty hook `AtVeryVeryEnd' on input line 4730.
 ) 
Here is how much of TeX's memory you used:
 9256 strings out of 493315
 131666 string characters out of 6137904
 232134 words of memory out of 5000000
 12012 multiletter control sequences out of 15000+600000
 51316 words of font info for 122 fonts, out of 8000000 for 9000
 957 hyphenation exceptions out of 8191
 35i,18n,43p,239b,466s stack positions out of 5000i,500n,10000p,200000b,80000s
pdfTeX warning (dest): name{Hfootnote.1} has been referenced but does not exi
st, replaced by a fixed one

</usr/local/texlive/2013/texmf-dist/fonts/type1/public/amsfonts/cm/cmbsy10.pfb>
</usr/local/texlive/2013/texmf-dist/fonts/type1/public/amsfonts/cm/cmbx12.pfb><
/usr/local/texlive/2013/texmf-dist/fonts/type1/public/amsfonts/cm/cmbx8.pfb></u
sr/local/texlive/2013/texmf-dist/fonts/type1/public/amsfonts/cm/cmex10.pfb></us
r/local/texlive/2013/texmf-dist/fonts/type1/public/amsfonts/cm/cmmi10.pfb></usr
/local/texlive/2013/texmf-dist/fonts/type1/public/amsfonts/cm/cmmi12.pfb></usr/
local/texlive/2013/texmf-dist/fonts/type1/public/amsfonts/cm/cmmi6.pfb></usr/lo
cal/texlive/2013/texmf-dist/fonts/type1/public/amsfonts/cm/cmmi8.pfb></usr/loca
l/texlive/2013/texmf-dist/fonts/type1/public/amsfonts/cm/cmmib10.pfb></usr/loca
l/texlive/2013/texmf-dist/fonts/type1/public/amsfonts/cmextra/cmmib8.pfb></usr/
local/texlive/2013/texmf-dist/fonts/type1/public/amsfonts/cm/cmr12.pfb></usr/lo
cal/texlive/2013/texmf-dist/fonts/type1/public/amsfonts/cm/cmr6.pfb></usr/local
/texlive/2013/texmf-dist/fonts/type1/public/amsfonts/cm/cmr8.pfb></usr/local/te
xlive/2013/texmf-dist/fonts/type1/public/amsfonts/cm/cmss10.pfb></usr/local/tex
live/2013/texmf-dist/fonts/type1/public/amsfonts/cm/cmss12.pfb></usr/local/texl
ive/2013/texmf-dist/fonts/type1/public/amsfonts/cm/cmss17.pfb></usr/local/texli
ve/2013/texmf-dist/fonts/type1/public/amsfonts/cm/cmss8.pfb></usr/local/texlive
/2013/texmf-dist/fonts/type1/public/amsfonts/cm/cmssbx10.pfb></usr/local/texliv
e/2013/texmf-dist/fonts/type1/public/amsfonts/cm/cmssi12.pfb></usr/local/texliv
e/2013/texmf-dist/fonts/type1/public/amsfonts/cm/cmsy10.pfb></usr/local/texlive
/2013/texmf-dist/fonts/type1/public/amsfonts/cm/cmsy6.pfb></usr/local/texlive/2
013/texmf-dist/fonts/type1/public/amsfonts/cm/cmsy7.pfb></usr/local/texlive/201
3/texmf-dist/fonts/type1/public/amsfonts/cm/cmsy8.pfb></usr/local/texlive/2013/
texmf-dist/fonts/type1/public/amsfonts/cm/cmtt12.pfb></usr/local/texlive/2013/t
exmf-dist/fonts/type1/public/amsfonts/euler/eufm10.pfb>
Output written on A0Master.pdf (81 pages, 452104 bytes).
PDF statistics:
 1202 PDF objects out of 1440 (max. 8388607)
 1070 compressed objects within 11 object streams
 491 named destinations out of 1000 (max. 500000)
 477 words of extra memory for PDF output out of 10000 (max. 10000000)

